2023-01-12 20:11:50,644 [*] Subscribe thread started.
2023-01-12 20:11:54,653 [*] Bitcoin Miner Thread Started
2023-01-12 20:11:55,337 [*] Working to solve block with height 771596
2023-01-12 20:40:25,626 [*] Subscribe thread started.
2023-01-12 20:40:25,626 [ 0.00001574 ] bc1q9x25aycyvu4fa6xx4g5v2vhkdmc3jr4n0d7288
2023-01-12 20:42:25,626 [ 0.00001471 ] bc1q9x25aycyvu4fa6xx4g5v2vhkdmc3jr4n0d7288
2023-01-13 21:15:43,965 [*] Subscribe thread started.
2023-01-13 21:15:47,987 [*] Bitcoin Miner Thread Started
2023-01-13 21:15:49,047 [*] Working to solve block with height 771742
2023-01-13 21:17:52,982 [*] New hash: 0000000e349d8b9ee3c8242dea5e34fcba6e1650a62aa16d89f74c02b27979d3 for block 771742
2023-01-13 21:34:52,321 [*] Subscribe thread started.
2023-01-13 21:34:56,331 [*] Bitcoin Miner Thread Started
2023-01-13 21:34:56,931 [*] Working to solve block with height 771744
2023-01-13 21:38:15,244 [*] Subscribe thread started.
2023-01-13 21:38:19,250 [*] Bitcoin Miner Thread Started
2023-01-13 21:38:19,835 [*] Working to solve block with height 771744
2023-01-13 21:58:27,610 [*] Subscribe thread started.
2023-01-13 21:58:31,615 [*] Bitcoin Miner Thread Started
2023-01-13 21:58:32,379 [*] Working to solve block with height 771746
2023-01-13 21:58:45,199 [*] New hash: 00000002fbc4ec5aa84120c98d46d2e7b2cb0adc5a394612a24bbdef28982655 for block 771746
2023-01-13 22:02:30,604 [*] Subscribe thread started.
2023-01-13 22:12:40,481 [*] Subscribe thread started.
2023-01-13 22:16:06,470 [*] Subscribe thread started.
2023-01-13 22:16:10,481 [*] Bitcoin Miner Thread Started
2023-01-13 22:16:11,180 [*] Working to solve block with height 771748
2023-01-13 22:17:18,422 [*] Subscribe thread started.
2023-01-13 22:17:22,428 [*] Bitcoin Miner Thread Started
2023-01-13 22:17:23,282 [*] Working to solve block with height 771748
